  common_tables.cpp
  copy_mb.cpp
  cpu.cpp
  crt_util_safe_x.cpp
  deblocking_common.cpp
  expand_pic.cpp
  mc.cpp
  memory_align.cpp
..\..\..\common\src\copy_mb.cpp(112): fatal error C1010: unexpected end of file while looking for precompiled header. Did you forget to add '#include "pch.h"' to your source?
..\..\..\common\src\common_tables.cpp(908): fatal error C1010: unexpected end of file while looking for precompiled header. Did you forget to add '#include "pch.h"' to your source?
..\..\..\common\src\deblocking_common.cpp(277): fatal error C1010: unexpected end of file while looking for precompiled header. Did you forget to add '#include "pch.h"' to your source?
..\..\..\common\src\mc.cpp(1368): fatal error C1010: unexpected end of file while looking for precompiled header. Did you forget to add '#include "pch.h"' to your source?
  utils.cpp
  au_parser.cpp
  bit_stream.cpp
..\..\..\common\src\expand_pic.cpp(175): fatal error C1010: unexpected end of file while looking for precompiled header. Did you forget to add '#include "pch.h"' to your source?
..\..\..\common\src\cpu.cpp(314): fatal error C1010: unexpected end of file while looking for precompiled header. Did you forget to add '#include "pch.h"' to your source?
  cabac_decoder.cpp
..\..\..\common\src\utils.cpp(127): fatal error C1010: unexpected end of file while looking for precompiled header. Did you forget to add '#include "pch.h"' to your source?
..\..\..\decoder\core\src\au_parser.cpp(1578): fatal error C1010: unexpected end of file while looking for precompiled header. Did you forget to add '#include "pch.h"' to your source?
..\..\..\common\src\memory_align.cpp(176): fatal error C1010: unexpected end of file while looking for precompiled header. Did you forget to add '#include "pch.h"' to your source?
  deblocking.cpp
  decoder.cpp
..\..\..\decoder\core\src\cabac_decoder.cpp(331): fatal error C1010: unexpected end of file while looking for precompiled header. Did you forget to add '#include "pch.h"' to your source?
..\..\..\decoder\core\src\decoder.cpp(1060): fatal error C1010: unexpected end of file while looking for precompiled header. Did you forget to add '#include "pch.h"' to your source?
..\..\..\decoder\core\src\deblocking.cpp(76): warning C4005: 'SMB_EDGE_MV': macro redefinition
  ..\..\..\decoder\core\src\deblocking.cpp(71): note: see previous definition of 'SMB_EDGE_MV'
..\..\..\decoder\core\src\deblocking.cpp(1003): fatal error C1010: unexpected end of file while looking for precompiled header. Did you forget to add '#include "pch.h"' to your source?
..\..\..\common\src\crt_util_safe_x.cpp(265): fatal error C1010: unexpected end of file while looking for precompiled header. Did you forget to add '#include "pch.h"' to your source?
..\..\..\decoder\core\src\bit_stream.cpp(111): fatal error C1010: unexpected end of file while looking for precompiled header. Did you forget to add '#include "pch.h"' to your source?
  decoder_core.cpp
  decoder_data_tables.cpp
..\..\..\decoder\core\src\decoder_data_tables.cpp(570): fatal error C1010: unexpected end of file while looking for precompiled header. Did you forget to add '#include "pch.h"' to your source?
..\..\..\decoder\core\src\decoder_core.cpp(2482): fatal error C1010: unexpected end of file while looking for precompiled header. Did you forget to add '#include "pch.h"' to your source?
  decode_mb_aux.cpp
..\..\..\decoder\core\src\decode_mb_aux.cpp(191): fatal error C1010: unexpected end of file while looking for precompiled header. Did you forget to add '#include "pch.h"' to your source?
  decode_slice.cpp
  error_concealment.cpp
..\..\..\decoder\core\src\error_concealment.cpp(479): fatal error C1010: unexpected end of file while looking for precompiled header. Did you forget to add '#include "pch.h"' to your source?
..\..\..\decoder\core\src\decode_slice.cpp(2053): fatal error C1010: unexpected end of file while looking for precompiled header. Did you forget to add '#include "pch.h"' to your source?
  fmo.cpp
..\..\..\decoder\core\src\fmo.cpp(333): fatal error C1010: unexpected end of file while looking for precompiled header. Did you forget to add '#include "pch.h"' to your source?
  get_intra_predictor.cpp
..\..\..\decoder\core\src\get_intra_predictor.cpp(1157): fatal error C1010: unexpected end of file while looking for precompiled header. Did you forget to add '#include "pch.h"' to your source?
  manage_dec_ref.cpp
..\..\..\decoder\core\src\manage_dec_ref.cpp(615): fatal error C1010: unexpected end of file while looking for precompiled header. Did you forget to add '#include "pch.h"' to your source?
  memmgr_nal_unit.cpp
  mv_pred.cpp
..\..\..\decoder\core\src\memmgr_nal_unit.cpp(148): fatal error C1010: unexpected end of file while looking for precompiled header. Did you forget to add '#include "pch.h"' to your source?
..\..\..\decoder\core\src\mv_pred.cpp(373): fatal error C1010: unexpected end of file while looking for precompiled header. Did you forget to add '#include "pch.h"' to your source?
  parse_mb_syn_cabac.cpp
  parse_mb_syn_cavlc.cpp
..\..\..\decoder\core\src\parse_mb_syn_cabac.cpp(1008): fatal error C1010: unexpected end of file while looking for precompiled header. Did you forget to add '#include "pch.h"' to your source?
  pic_queue.cpp
..\..\..\decoder\core\src\parse_mb_syn_cavlc.cpp(1253): fatal error C1010: unexpected end of file while looking for precompiled header. Did you forget to add '#include "pch.h"' to your source?
..\..\..\decoder\core\src\pic_queue.cpp(158): fatal error C1010: unexpected end of file while looking for precompiled header. Did you forget to add '#include "pch.h"' to your source?
  rec_mb.cpp
..\..\..\decoder\core\src\rec_mb.cpp(573): fatal error C1010: unexpected end of file while looking for precompiled header. Did you forget to add '#include "pch.h"' to your source?
