  common_tables.cpp
  copy_mb.cpp
..\..\..\common\src\common_tables.cpp(908): fatal error C1010: unexpected end of file while looking for precompiled header. Did you forget to add '#include "pch.h"' to your source?
  cpu.cpp
..\..\..\common\src\copy_mb.cpp(112): fatal error C1010: unexpected end of file while looking for precompiled header. Did you forget to add '#include "pch.h"' to your source?
  crt_util_safe_x.cpp
..\..\..\common\src\cpu.cpp(314): fatal error C1010: unexpected end of file while looking for precompiled header. Did you forget to add '#include "pch.h"' to your source?
  deblocking_common.cpp
  expand_pic.cpp
..\..\..\common\src\crt_util_safe_x.cpp(265): fatal error C1010: unexpected end of file while looking for precompiled header. Did you forget to add '#include "pch.h"' to your source?
  intra_pred_common.cpp
..\..\..\common\src\deblocking_common.cpp(277): fatal error C1010: unexpected end of file while looking for precompiled header. Did you forget to add '#include "pch.h"' to your source?
..\..\..\common\src\expand_pic.cpp(175): fatal error C1010: unexpected end of file while looking for precompiled header. Did you forget to add '#include "pch.h"' to your source?
..\..\..\common\src\intra_pred_common.cpp(78): fatal error C1010: unexpected end of file while looking for precompiled header. Did you forget to add '#include "pch.h"' to your source?
  mc.cpp
  memory_align.cpp
..\..\..\common\src\mc.cpp(1368): fatal error C1010: unexpected end of file while looking for precompiled header. Did you forget to add '#include "pch.h"' to your source?
..\..\..\common\src\memory_align.cpp(176): fatal error C1010: unexpected end of file while looking for precompiled header. Did you forget to add '#include "pch.h"' to your source?
  sad_common.cpp
  utils.cpp
  WelsThreadLib.cpp
  au_set.cpp
..\..\..\common\src\utils.cpp(127): fatal error C1010: unexpected end of file while looking for precompiled header. Did you forget to add '#include "pch.h"' to your source?
..\..\..\common\src\sad_common.cpp(166): fatal error C1010: unexpected end of file while looking for precompiled header. Did you forget to add '#include "pch.h"' to your source?
..\..\..\encoder\core\src\au_set.cpp(606): fatal error C1010: unexpected end of file while looking for precompiled header. Did you forget to add '#include "pch.h"' to your source?
  deblocking.cpp
  decode_mb_aux.cpp
  encoder.cpp
..\..\..\common\src\WelsThreadLib.cpp(55): warning C4005: 'HW_NCPU_NAME': macro redefinition
  ..\..\..\common\src\WelsThreadLib.cpp(53): note: see previous definition of 'HW_NCPU_NAME'
..\..\..\common\src\WelsThreadLib.cpp(510): fatal error C1010: unexpected end of file while looking for precompiled header. Did you forget to add '#include "pch.h"' to your source?
..\..\..\encoder\core\src\deblocking.cpp(867): fatal error C1010: unexpected end of file while looking for precompiled header. Did you forget to add '#include "pch.h"' to your source?
..\..\..\encoder\core\src\decode_mb_aux.cpp(299): fatal error C1010: unexpected end of file while looking for precompiled header. Did you forget to add '#include "pch.h"' to your source?
..\..\..\encoder\core\src\encoder.cpp(508): fatal error C1010: unexpected end of file while looking for precompiled header. Did you forget to add '#include "pch.h"' to your source?
  encoder_data_tables.cpp
..\..\..\encoder\core\src\encoder_data_tables.cpp(346): fatal error C1010: unexpected end of file while looking for precompiled header. Did you forget to add '#include "pch.h"' to your source?
  encoder_ext.cpp
  encode_mb_aux.cpp
  get_intra_predictor.cpp
  md.cpp
  mv_pred.cpp
  nal_encap.cpp
..\..\..\encoder\core\src\encoder_ext.cpp(5034): fatal error C1010: unexpected end of file while looking for precompiled header. Did you forget to add '#include "pch.h"' to your source?
..\..\..\encoder\core\src\encode_mb_aux.cpp(577): fatal error C1010: unexpected end of file while looking for precompiled header. Did you forget to add '#include "pch.h"' to your source?
..\..\..\encoder\core\src\nal_encap.cpp(200): fatal error C1010: unexpected end of file while looking for precompiled header. Did you forget to add '#include "pch.h"' to your source?
..\..\..\encoder\core\src\md.cpp(908): fatal error C1010: unexpected end of file while looking for precompiled header. Did you forget to add '#include "pch.h"' to your source?
  picture_handle.cpp
..\..\..\encoder\core\src\mv_pred.cpp(437): fatal error C1010: unexpected end of file while looking for precompiled header. Did you forget to add '#include "pch.h"' to your source?
  property.cpp
  ratectl.cpp
..\..\..\encoder\core\src\get_intra_predictor.cpp(725): fatal error C1010: unexpected end of file while looking for precompiled header. Did you forget to add '#include "pch.h"' to your source?
  ref_list_mgr_svc.cpp
..\..\..\encoder\core\src\ratectl.cpp(1540): fatal error C1010: unexpected end of file while looking for precompiled header. Did you forget to add '#include "pch.h"' to your source?
..\..\..\encoder\core\src\property.cpp(140): fatal error C1010: unexpected end of file while looking for precompiled header. Did you forget to add '#include "pch.h"' to your source?
  sample.cpp
  set_mb_syn_cabac.cpp
  set_mb_syn_cavlc.cpp
..\..\..\encoder\core\src\picture_handle.cpp(185): fatal error C1010: unexpected end of file while looking for precompiled header. Did you forget to add '#include "pch.h"' to your source?
..\..\..\encoder\core\src\ref_list_mgr_svc.cpp(970): fatal error C1010: unexpected end of file while looking for precompiled header. Did you forget to add '#include "pch.h"' to your source?
..\..\..\encoder\core\src\set_mb_syn_cabac.cpp(240): fatal error C1010: unexpected end of file while looking for precompiled header. Did you forget to add '#include "pch.h"' to your source?
  slice_multi_threading.cpp
..\..\..\encoder\core\src\sample.cpp(468): fatal error C1010: unexpected end of file while looking for precompiled header. Did you forget to add '#include "pch.h"' to your source?
..\..\..\encoder\core\src\slice_multi_threading.cpp(69): warning C4005: 'MT_TRACE_LOG': macro redefinition
  ..\..\..\encoder\core\src\slice_multi_threading.cpp(67): note: see previous definition of 'MT_TRACE_LOG'
..\..\..\encoder\core\src\slice_multi_threading.cpp(1166): fatal error C1010: unexpected end of file while looking for precompiled header. Did you forget to add '#include "pch.h"' to your source?
..\..\..\encoder\core\src\set_mb_syn_cavlc.cpp(296): fatal error C1010: unexpected end of file while looking for precompiled header. Did you forget to add '#include "pch.h"' to your source?
  svc_base_layer_md.cpp
  svc_encode_mb.cpp
  svc_encode_slice.cpp
  svc_enc_slice_segment.cpp
  svc_mode_decision.cpp
..\..\..\encoder\core\src\svc_base_layer_md.cpp(2047): fatal error C1010: unexpected end of file while looking for precompiled header. Did you forget to add '#include "pch.h"' to your source?
..\..\..\encoder\core\src\svc_mode_decision.cpp(686): fatal error C1010: unexpected end of file while looking for precompiled header. Did you forget to add '#include "pch.h"' to your source?
..\..\..\encoder\core\src\svc_encode_slice.cpp(1151): fatal error C1010: unexpected end of file while looking for precompiled header. Did you forget to add '#include "pch.h"' to your source?
  svc_motion_estimate.cpp
  svc_set_mb_syn_cabac.cpp
..\..\..\encoder\core\src\svc_enc_slice_segment.cpp(709): fatal error C1010: unexpected end of file while looking for precompiled header. Did you forget to add '#include "pch.h"' to your source?
  svc_set_mb_syn_cavlc.cpp
..\..\..\encoder\core\src\svc_set_mb_syn_cabac.cpp(736): fatal error C1010: unexpected end of file while looking for precompiled header. Did you forget to add '#include "pch.h"' to your source?
..\..\..\encoder\core\src\svc_motion_estimate.cpp(1089): fatal error C1010: unexpected end of file while looking for precompiled header. Did you forget to add '#include "pch.h"' to your source?
  wels_preprocess.cpp
..\..\..\encoder\core\src\svc_set_mb_syn_cavlc.cpp(423): fatal error C1010: unexpected end of file while looking for precompiled header. Did you forget to add '#include "pch.h"' to your source?
..\..\..\encoder\core\src\wels_preprocess.cpp(1358): fatal error C1010: unexpected end of file while looking for precompiled header. Did you forget to add '#include "pch.h"' to your source?
..\..\..\encoder\core\src\svc_encode_mb.cpp(387): fatal error C1010: unexpected end of file while looking for precompiled header. Did you forget to add '#include "pch.h"' to your source?
